<?xml version="1.0" encoding="UTF-8"?>
<!-- Generated by org.testng.reporters.JUnitReportReporter -->
<testsuite hostname="LTIN486088" failures="0" tests="9" name="testScenario.TestScenario_03_EMICalculatorPageUIChecks" time="21.077" errors="0" timestamp="2024-04-10T15:28:37 IST" skipped="0">
  <testcase classname="testScenario.TestScenario_03_EMICalculatorPageUIChecks" name="ValidatingLoanAmountTextBoxAndSlider" time="1.899"/>
  <testcase classname="testScenario.TestScenario_03_EMICalculatorPageUIChecks" name="ScaleChangeForLoanAmountTextBoxAndSlider" time="3.078"/>
  <testcase classname="testScenario.TestScenario_03_EMICalculatorPageUIChecks" name="ValidatingInterestRateTextBoxAndSlider" time="1.456"/>
  <testcase classname="testScenario.TestScenario_03_EMICalculatorPageUIChecks" name="ScaleChangeForInterestRateTextBoxAndSlider" time="2.342"/>
  <testcase classname="testScenario.TestScenario_03_EMICalculatorPageUIChecks" name="ValidatingLoanTenureTextBoxAndSlider" time="1.386"/>
  <testcase classname="testScenario.TestScenario_03_EMICalculatorPageUIChecks" name="EMICalculator_ScaleChangeForLoanTenureTextBoxAndSlider" time="2.252"/>
  <testcase classname="testScenario.TestScenario_03_EMICalculatorPageUIChecks" name="ValidatingFeesAndChargesTextBoxAndSlider" time="1.570"/>
  <testcase classname="testScenario.TestScenario_03_EMICalculatorPageUIChecks" name="ScaleChangeForFeesAndChargesTextBoxAndSlider" time="3.144"/>
  <testcase classname="testScenario.TestScenario_03_EMICalculatorPageUIChecks" name="ValidationForYearAndMonthOption" time="3.950"/>
</testsuite> <!-- testScenario.TestScenario_03_EMICalculatorPageUIChecks -->
