<?xml version="1.0" encoding="UTF-8"?>
<!-- Generated by org.testng.reporters.JUnitReportReporter -->
<testsuite hostname="LTIN486088" failures="0" tests="8" name="testScenario.TestScenario_04_LoanAmtCalculatorUIChecks" time="22.265" errors="0" timestamp="2024-04-10T15:28:37 IST" skipped="0">
  <testcase classname="testScenario.TestScenario_04_LoanAmtCalculatorUIChecks" name="LoanAmtCalculator_ValidatingEMITextBoxAndSlider" time="4.632"/>
  <testcase classname="testScenario.TestScenario_04_LoanAmtCalculatorUIChecks" name="LoanAmtCalculator_ValidatingInterestRateTextBoxAndSlider" time="0.493"/>
  <testcase classname="testScenario.TestScenario_04_LoanAmtCalculatorUIChecks" name="LoanAmtCalculator_ScaleChangeForInterestRateTextBoxAndSlider" time="3.250"/>
  <testcase classname="testScenario.TestScenario_04_LoanAmtCalculatorUIChecks" name="validateLoanTenureTextBoxAndSlider" time="2.484"/>
  <testcase classname="testScenario.TestScenario_04_LoanAmtCalculatorUIChecks" name="validatingDataFlowBetweenLoanTenureSliderAndTextBox" time="3.138"/>
  <testcase classname="testScenario.TestScenario_04_LoanAmtCalculatorUIChecks" name="validateFeesAndChargesTextBoxAndSlider" time="2.992"/>
  <testcase classname="testScenario.TestScenario_04_LoanAmtCalculatorUIChecks" name="validatingDataFlowBetweenYearAndMonthButton" time="2.191"/>
  <testcase classname="testScenario.TestScenario_04_LoanAmtCalculatorUIChecks" name="validatingDataFlowBetweenFeesAndChargesSliderAndTextBox" time="3.085"/>
</testsuite> <!-- testScenario.TestScenario_04_LoanAmtCalculatorUIChecks -->
