<?xml version="1.0" encoding="UTF-8"?>
<!-- Generated by org.testng.reporters.JUnitReportReporter -->
<testsuite hostname="LTIN486088" failures="0" tests="1" name="testCase.TestCase_06_EMICalculator_ValidatingInterestRateTextBoxAndSlider" time="0.586" errors="0" timestamp="2024-04-09T17:24:35 IST" skipped="0">
  <testcase classname="testCase.TestCase_06_EMICalculator_ValidatingInterestRateTextBoxAndSlider" name="validateInterestRateTextBox" time="0.586"/>
</testsuite> <!-- testCase.TestCase_06_EMICalculator_ValidatingInterestRateTextBoxAndSlider -->
