<?xml version="1.0" encoding="UTF-8"?>
<!-- Generated by org.testng.reporters.JUnitReportReporter -->
<testsuite hostname="LTIN486088" failures="0" tests="7" name="testScenario.TestScenario_05_LoanTenureUIChecks" time="23.715" errors="0" timestamp="2024-04-10T15:28:37 IST" skipped="0">
  <testcase classname="testScenario.TestScenario_05_LoanTenureUIChecks" name="validatingDataFlowBetweenFeesAndChargesSliderAndTextBox" time="4.643"/>
  <testcase classname="testScenario.TestScenario_05_LoanTenureUIChecks" name="validateLoanAmountTextBoxAndSlider" time="2.025"/>
  <testcase classname="testScenario.TestScenario_05_LoanTenureUIChecks" name="validateFeesAndChargesTextBoxAndSlider" time="3.790"/>
  <testcase classname="testScenario.TestScenario_05_LoanTenureUIChecks" name="validatingDataFlowBetweenLoanAmountSliderAndTextBox" time="3.287"/>
  <testcase classname="testScenario.TestScenario_05_LoanTenureUIChecks" name="validatingEMITextBoxAndSlider" time="4.637"/>
  <testcase classname="testScenario.TestScenario_05_LoanTenureUIChecks" name="validateDataFlowBetweenInterestRateSliderAndTextBox" time="1.409"/>
  <testcase classname="testScenario.TestScenario_05_LoanTenureUIChecks" name="validateInterestRateTextBoxAndSlider" time="3.924"/>
</testsuite> <!-- testScenario.TestScenario_05_LoanTenureUIChecks -->
