<?xml version="1.0" encoding="UTF-8"?>
<!-- Generated by org.testng.reporters.JUnitReportReporter -->
<testsuite hostname="LTIN486088" failures="0" tests="2" name="testScenario.TestScenario_02_EMIPaymentTable2425" time="6.776" errors="0" timestamp="2024-04-10T15:28:37 IST" skipped="0">
  <testcase classname="testScenario.TestScenario_02_EMIPaymentTable2425" name="emiPaymentTable2425" time="1.269"/>
  <testcase classname="testScenario.TestScenario_02_EMIPaymentTable2425" name="YearTableInExcel" time="5.507"/>
</testsuite> <!-- testScenario.TestScenario_02_EMIPaymentTable2425 -->
