<?xml version="1.0" encoding="UTF-8"?>
<!-- Generated by org.testng.reporters.JUnitReportReporter -->
<testsuite hostname="LTIN486088" failures="0" tests="1" name="testCase.TestCase_10_EMICalculator_ValidatingFeesAndChargesTextBoxAndSlider" time="0.489" errors="0" timestamp="2024-04-09T17:24:35 IST" skipped="0">
  <testcase classname="testCase.TestCase_10_EMICalculator_ValidatingFeesAndChargesTextBoxAndSlider" name="validateFeesAndChargesTextBox" time="0.489"/>
</testsuite> <!-- testCase.TestCase_10_EMICalculator_ValidatingFeesAndChargesTextBoxAndSlider -->
