<?xml version="1.0" encoding="UTF-8"?>
<!-- Generated by org.testng.reporters.JUnitReportReporter -->
<testsuite hostname="LTIN486088" failures="0" tests="1" name="testScenario.TestScenario_01_EnteringRequiredValuesInHomePage" time="3.890" errors="0" timestamp="2024-04-10T15:28:37 IST" skipped="0">
  <testcase classname="testScenario.TestScenario_01_EnteringRequiredValuesInHomePage" name="enterRequiredValuesInHomePage" time="3.890"/>
</testsuite> <!-- testScenario.TestScenario_01_EnteringRequiredValuesInHomePage -->
