<?xml version="1.0" encoding="UTF-8"?>
<!-- Generated by org.testng.reporters.JUnitReportReporter -->
<testsuite hostname="LTIN486088" failures="0" tests="1" name="testCase.TestCase_03_YearTableInExcel" time="7.010" errors="0" timestamp="2024-04-09T17:24:35 IST" skipped="0">
  <testcase classname="testCase.TestCase_03_YearTableInExcel" name="storeTable" time="7.010"/>
</testsuite> <!-- testCase.TestCase_03_YearTableInExcel -->
