<?xml version="1.0" encoding="UTF-8"?>
<!-- Generated by org.testng.reporters.JUnitReportReporter -->
<testsuite hostname="LTIN486088" failures="0" tests="1" name="testCase.TestCase_08_EMICalculator_ValidatingLoanTenureTextBoxAndSlider" time="0.727" errors="0" timestamp="2024-04-09T17:24:35 IST" skipped="0">
  <testcase classname="testCase.TestCase_08_EMICalculator_ValidatingLoanTenureTextBoxAndSlider" name="validateLoanTenureTextBox" time="0.727"/>
</testsuite> <!-- testCase.TestCase_08_EMICalculator_ValidatingLoanTenureTextBoxAndSlider -->
